INFO - STARTING_TRANSPORTATION
INFO - BOADING_OF_PASSENGER (passanger18 on story-4)
INFO - MOVING_ELEVATOR (from story-4 to story-3)
INFO - BOADING_OF_PASSENGER (passanger6 on story-3)
INFO - MOVING_ELEVATOR (from story-3 to story-2)
INFO - MOVING_ELEVATOR (from story-2 to story-1)
INFO - MOVING_ELEVATOR (from story-1 to story-0)
INFO - DEBOADING_OF_PASSENGER (passanger6 on story-0)
INFO - DEBOADING_OF_PASSENGER (passanger18 on story-0)
INFO - BOADING_OF_PASSENGER (passanger14 on story-0)
INFO - BOADING_OF_PASSENGER (passanger15 on story-0)
INFO - BOADING_OF_PASSENGER (passanger12 on story-0)
INFO - BOADING_OF_PASSENGER (passanger19 on story-0)
INFO - MOVING_ELEVATOR (from story-0 to story-1)
INFO - MOVING_ELEVATOR (from story-1 to story-2)
INFO - MOVING_ELEVATOR (from story-2 to story-3)
INFO - DEBOADING_OF_PASSENGER (passanger12 on story-3)
INFO - BOADING_OF_PASSENGER (passanger0 on story-3)
INFO - MOVING_ELEVATOR (from story-3 to story-4)
INFO - DEBOADING_OF_PASSENGER (passanger0 on story-4)
INFO - DEBOADING_OF_PASSENGER (passanger14 on story-4)
INFO - MOVING_ELEVATOR (from story-4 to story-5)
INFO - DEBOADING_OF_PASSENGER (passanger19 on story-5)
INFO - BOADING_OF_PASSENGER (passanger3 on story-5)
INFO - MOVING_ELEVATOR (from story-5 to story-6)
INFO - DEBOADING_OF_PASSENGER (passanger3 on story-6)
INFO - DEBOADING_OF_PASSENGER (passanger15 on story-6)
INFO - BOADING_OF_PASSENGER (passanger7 on story-6)
INFO - MOVING_ELEVATOR (from story-6 to story-7)
INFO - DEBOADING_OF_PASSENGER (passanger7 on story-7)
INFO - MOVING_ELEVATOR (from story-7 to story-6)
INFO - BOADING_OF_PASSENGER (passanger16 on story-6)
INFO - BOADING_OF_PASSENGER (passanger5 on story-6)
INFO - MOVING_ELEVATOR (from story-6 to story-5)
INFO - BOADING_OF_PASSENGER (passanger1 on story-5)
INFO - MOVING_ELEVATOR (from story-5 to story-4)
INFO - MOVING_ELEVATOR (from story-4 to story-3)
INFO - MOVING_ELEVATOR (from story-3 to story-2)
INFO - DEBOADING_OF_PASSENGER (passanger5 on story-2)
INFO - DEBOADING_OF_PASSENGER (passanger16 on story-2)
INFO - MOVING_ELEVATOR (from story-2 to story-1)
INFO - DEBOADING_OF_PASSENGER (passanger1 on story-1)
INFO - MOVING_ELEVATOR (from story-1 to story-0)
INFO - MOVING_ELEVATOR (from story-0 to story-1)
INFO - BOADING_OF_PASSENGER (passanger13 on story-1)
INFO - BOADING_OF_PASSENGER (passanger11 on story-1)
INFO - BOADING_OF_PASSENGER (passanger8 on story-1)
INFO - BOADING_OF_PASSENGER (passanger2 on story-1)
INFO - MOVING_ELEVATOR (from story-1 to story-2)
INFO - DEBOADING_OF_PASSENGER (passanger11 on story-2)
INFO - BOADING_OF_PASSENGER (passanger9 on story-2)
INFO - MOVING_ELEVATOR (from story-2 to story-3)
INFO - MOVING_ELEVATOR (from story-3 to story-4)
INFO - DEBOADING_OF_PASSENGER (passanger13 on story-4)
INFO - MOVING_ELEVATOR (from story-4 to story-5)
INFO - DEBOADING_OF_PASSENGER (passanger8 on story-5)
INFO - MOVING_ELEVATOR (from story-5 to story-6)
INFO - DEBOADING_OF_PASSENGER (passanger2 on story-6)
INFO - MOVING_ELEVATOR (from story-6 to story-7)
INFO - DEBOADING_OF_PASSENGER (passanger9 on story-7)
INFO - MOVING_ELEVATOR (from story-7 to story-6)
INFO - MOVING_ELEVATOR (from story-6 to story-5)
INFO - MOVING_ELEVATOR (from story-5 to story-4)
INFO - MOVING_ELEVATOR (from story-4 to story-3)
INFO - MOVING_ELEVATOR (from story-3 to story-2)
INFO - MOVING_ELEVATOR (from story-2 to story-1)
INFO - MOVING_ELEVATOR (from story-1 to story-0)
INFO - MOVING_ELEVATOR (from story-0 to story-1)
INFO - MOVING_ELEVATOR (from story-1 to story-2)
INFO - BOADING_OF_PASSENGER (passanger17 on story-2)
INFO - MOVING_ELEVATOR (from story-2 to story-3)
INFO - BOADING_OF_PASSENGER (passanger4 on story-3)
INFO - BOADING_OF_PASSENGER (passanger10 on story-3)
INFO - MOVING_ELEVATOR (from story-3 to story-4)
INFO - DEBOADING_OF_PASSENGER (passanger17 on story-4)
INFO - MOVING_ELEVATOR (from story-4 to story-5)
INFO - DEBOADING_OF_PASSENGER (passanger10 on story-5)
INFO - DEBOADING_OF_PASSENGER (passanger4 on story-5)
INFO - VALID_TRANSPORTATION
INFO - COMPLETION_TRANSPORTATION
